{"C:\\Users\\Filip\\projects\\kosztorysy\\src\\components\\Header.vue": {"path":"C:\\Users\\Filip\\projects\\kosztorysy\\src\\components\\Header.vue","statementMap":{"0":{"start":{"line":45,"column":0},"end":{"line":45,"column":null}},"1":{"start":{"line":53,"column":0},"end":{"line":53,"column":null}},"2":{"start":{"line":60,"column":0},"end":{"line":64,"column":null}},"3":{"start":{"line":61,"column":0},"end":{"line":61,"column":null}},"4":{"start":{"line":63,"column":0},"end":{"line":63,"column":null}},"5":{"start":{"line":67,"column":0},"end":{"line":67,"column":null}}},"fnMap":{"0":{"name":"(anonymous_1)","decl":{"start":{"line":52,"column":0},"end":{"line":52,"column":null}},"loc":{"start":{"line":52,"column":0},"end":{"line":57,"column":null}}},"1":{"name":"(anonymous_2)","decl":{"start":{"line":59,"column":0},"end":{"line":59,"column":null}},"loc":{"start":{"line":59,"column":0},"end":{"line":65,"column":null}}},"2":{"name":"(anonymous_3)","decl":{"start":{"line":66,"column":0},"end":{"line":66,"column":null}},"loc":{"start":{"line":66,"column":0},"end":{"line":68,"column":null}}}},"branchMap":{"0":{"loc":{"start":{"line":60,"column":0},"end":{"line":64,"column":null}},"type":"if","locations":[{"start":{"line":60,"column":0},"end":{"line":64,"column":null}},{"start":{"line":60,"column":0},"end":{"line":64,"column":null}}]}},"s":{"0":6,"1":3,"2":2,"3":1,"4":1,"5":1},"f":{"0":3,"1":2,"2":1},"b":{"0":[1,1]}}
,"C:\\Users\\Filip\\projects\\kosztorysy\\src\\components\\WallDetails.vue": {"path":"C:\\Users\\Filip\\projects\\kosztorysy\\src\\components\\WallDetails.vue","statementMap":{"0":{"start":{"line":42,"column":0},"end":{"line":42,"column":null}},"1":{"start":{"line":53,"column":0},"end":{"line":53,"column":null}},"2":{"start":{"line":54,"column":0},"end":{"line":56,"column":null}},"3":{"start":{"line":54,"column":0},"end":{"line":54,"column":null}},"4":{"start":{"line":55,"column":0},"end":{"line":55,"column":null}},"5":{"start":{"line":57,"column":0},"end":{"line":57,"column":null}},"6":{"start":{"line":58,"column":0},"end":{"line":58,"column":null}},"7":{"start":{"line":59,"column":0},"end":{"line":59,"column":null}},"8":{"start":{"line":60,"column":0},"end":{"line":64,"column":null}},"9":{"start":{"line":61,"column":0},"end":{"line":61,"column":null}},"10":{"start":{"line":63,"column":0},"end":{"line":63,"column":null}},"11":{"start":{"line":65,"column":0},"end":{"line":65,"column":null}},"12":{"start":{"line":66,"column":0},"end":{"line":66,"column":null}},"13":{"start":{"line":69,"column":0},"end":{"line":69,"column":null}},"14":{"start":{"line":72,"column":0},"end":{"line":72,"column":null}},"15":{"start":{"line":75,"column":0},"end":{"line":75,"column":null}}},"fnMap":{"0":{"name":"(anonymous_1)","decl":{"start":{"line":41,"column":0},"end":{"line":41,"column":null}},"loc":{"start":{"line":41,"column":0},"end":{"line":50,"column":null}}},"1":{"name":"(anonymous_2)","decl":{"start":{"line":52,"column":0},"end":{"line":52,"column":null}},"loc":{"start":{"line":52,"column":0},"end":{"line":67,"column":null}}},"2":{"name":"(anonymous_3)","decl":{"start":{"line":68,"column":0},"end":{"line":68,"column":null}},"loc":{"start":{"line":68,"column":0},"end":{"line":70,"column":null}}},"3":{"name":"(anonymous_4)","decl":{"start":{"line":71,"column":0},"end":{"line":71,"column":null}},"loc":{"start":{"line":71,"column":0},"end":{"line":73,"column":null}}},"4":{"name":"(anonymous_5)","decl":{"start":{"line":74,"column":0},"end":{"line":74,"column":null}},"loc":{"start":{"line":74,"column":0},"end":{"line":76,"column":null}}}},"branchMap":{"0":{"loc":{"start":{"line":60,"column":0},"end":{"line":64,"column":null}},"type":"if","locations":[{"start":{"line":60,"column":0},"end":{"line":64,"column":null}},{"start":{"line":60,"column":0},"end":{"line":64,"column":null}}]}},"s":{"0":9,"1":8,"2":8,"3":8,"4":32,"5":8,"6":8,"7":8,"8":8,"9":2,"10":6,"11":8,"12":8,"13":1,"14":1,"15":1},"f":{"0":9,"1":8,"2":1,"3":1,"4":1},"b":{"0":[2,6]}}
,"C:\\Users\\Filip\\projects\\kosztorysy\\src\\store\\index.ts": {"path":"C:\\Users\\Filip\\projects\\kosztorysy\\src\\store\\index.ts","statementMap":{"0":{"start":{"line":1,"column":0},"end":{"line":1,"column":null}},"1":{"start":{"line":2,"column":0},"end":{"line":2,"column":null}},"2":{"start":{"line":3,"column":0},"end":{"line":3,"column":null}},"3":{"start":{"line":4,"column":0},"end":{"line":4,"column":null}},"4":{"start":{"line":7,"column":18},"end":{"line":7,"column":22}},"5":{"start":{"line":11,"column":0},"end":{"line":11,"column":4}},"6":{"start":{"line":56,"column":15},"end":{"line":56,"column":19}},"7":{"start":{"line":68,"column":40},"end":{"line":68,"column":41}},"8":{"start":{"line":69,"column":12},"end":{"line":71,"column":null}},"9":{"start":{"line":70,"column":16},"end":{"line":70,"column":23}},"10":{"start":{"line":72,"column":12},"end":{"line":72,"column":17}},"11":{"start":{"line":75,"column":12},"end":{"line":75,"column":17}},"12":{"start":{"line":76,"column":12},"end":{"line":76,"column":17}},"13":{"start":{"line":79,"column":12},"end":{"line":79,"column":17}},"14":{"start":{"line":80,"column":12},"end":{"line":80,"column":17}},"15":{"start":{"line":83,"column":12},"end":{"line":83,"column":17}},"16":{"start":{"line":86,"column":12},"end":{"line":86,"column":17}},"17":{"start":{"line":89,"column":12},"end":{"line":89,"column":17}},"18":{"start":{"line":94,"column":12},"end":{"line":98,"column":null}},"19":{"start":{"line":94,"column":25},"end":{"line":94,"column":28}},"20":{"start":{"line":95,"column":16},"end":{"line":97,"column":null}},"21":{"start":{"line":96,"column":20},"end":{"line":96,"column":27}},"22":{"start":{"line":99,"column":12},"end":{"line":99,"column":19}},"23":{"start":{"line":104,"column":12},"end":{"line":104,"column":19}},"24":{"start":{"line":104,"column":53},"end":{"line":104,"column":null}}},"fnMap":{"0":{"name":"(anonymous_0)","decl":{"start":{"line":67,"column":8},"end":{"line":67,"column":18}},"loc":{"start":{"line":67,"column":39},"end":{"line":73,"column":null}}},"1":{"name":"(anonymous_1)","decl":{"start":{"line":74,"column":8},"end":{"line":74,"column":18}},"loc":{"start":{"line":74,"column":66},"end":{"line":77,"column":null}}},"2":{"name":"(anonymous_2)","decl":{"start":{"line":78,"column":8},"end":{"line":78,"column":14}},"loc":{"start":{"line":78,"column":20},"end":{"line":81,"column":null}}},"3":{"name":"(anonymous_3)","decl":{"start":{"line":82,"column":8},"end":{"line":82,"column":22}},"loc":{"start":{"line":82,"column":44},"end":{"line":84,"column":null}}},"4":{"name":"(anonymous_4)","decl":{"start":{"line":85,"column":8},"end":{"line":85,"column":22}},"loc":{"start":{"line":85,"column":35},"end":{"line":87,"column":null}}},"5":{"name":"(anonymous_5)","decl":{"start":{"line":88,"column":8},"end":{"line":88,"column":19}},"loc":{"start":{"line":88,"column":44},"end":{"line":90,"column":null}}},"6":{"name":"(anonymous_6)","decl":{"start":{"line":93,"column":8},"end":{"line":93,"column":16}},"loc":{"start":{"line":93,"column":54},"end":{"line":100,"column":null}}},"7":{"name":"(anonymous_7)","decl":{"start":{"line":103,"column":8},"end":{"line":103,"column":30}},"loc":{"start":{"line":103,"column":36},"end":{"line":105,"column":null}}},"8":{"name":"(anonymous_8)","decl":{"start":{"line":104,"column":41},"end":{"line":104,"column":49}},"loc":{"start":{"line":104,"column":53},"end":{"line":104,"column":null}}}},"branchMap":{"0":{"loc":{"start":{"line":69,"column":12},"end":{"line":71,"column":null}},"type":"if","locations":[{"start":{"line":69,"column":12},"end":{"line":71,"column":null}},{"start":{"line":69,"column":12},"end":{"line":71,"column":null}}]},"1":{"loc":{"start":{"line":95,"column":16},"end":{"line":97,"column":null}},"type":"if","locations":[{"start":{"line":95,"column":16},"end":{"line":97,"column":null}},{"start":{"line":95,"column":16},"end":{"line":97,"column":null}}]},"2":{"loc":{"start":{"line":95,"column":20},"end":{"line":95,"column":57}},"type":"binary-expr","locations":[{"start":{"line":95,"column":20},"end":{"line":95,"column":57}},{"start":{"line":95,"column":57},"end":{"line":95,"column":98}}]}},"s":{"0":1,"1":1,"2":1,"3":1,"4":1,"5":1,"6":1,"7":5,"8":5,"9":4,"10":5,"11":3,"12":3,"13":2,"14":2,"15":5,"16":1,"17":1,"18":2,"19":2,"20":2,"21":1,"22":1,"23":1,"24":3},"f":{"0":5,"1":3,"2":2,"3":5,"4":1,"5":1,"6":2,"7":1,"8":3},"b":{"0":[4,1],"1":[1,1],"2":[2,2]}}
,"C:\\Users\\Filip\\projects\\kosztorysy\\src\\views\\Create-Estimate.vue": {"path":"C:\\Users\\Filip\\projects\\kosztorysy\\src\\views\\Create-Estimate.vue","statementMap":{"0":{"start":{"line":60,"column":0},"end":{"line":60,"column":null}},"1":{"start":{"line":61,"column":0},"end":{"line":61,"column":null}},"2":{"start":{"line":62,"column":0},"end":{"line":62,"column":null}},"3":{"start":{"line":63,"column":0},"end":{"line":63,"column":null}},"4":{"start":{"line":65,"column":0},"end":{"line":65,"column":null}},"5":{"start":{"line":66,"column":0},"end":{"line":66,"column":null}},"6":{"start":{"line":68,"column":0},"end":{"line":68,"column":null}},"7":{"start":{"line":69,"column":0},"end":{"line":69,"column":null}},"8":{"start":{"line":70,"column":0},"end":{"line":70,"column":null}},"9":{"start":{"line":87,"column":0},"end":{"line":87,"column":null}},"10":{"start":{"line":88,"column":0},"end":{"line":88,"column":null}},"11":{"start":{"line":89,"column":0},"end":{"line":89,"column":null}},"12":{"start":{"line":90,"column":0},"end":{"line":90,"column":null}},"13":{"start":{"line":91,"column":0},"end":{"line":91,"column":null}},"14":{"start":{"line":95,"column":0},"end":{"line":104,"column":null}},"15":{"start":{"line":108,"column":0},"end":{"line":126,"column":null}},"16":{"start":{"line":109,"column":0},"end":{"line":111,"column":null}},"17":{"start":{"line":110,"column":0},"end":{"line":110,"column":null}},"18":{"start":{"line":112,"column":0},"end":{"line":112,"column":null}},"19":{"start":{"line":125,"column":0},"end":{"line":125,"column":null}},"20":{"start":{"line":87,"column":0},"end":{"line":79,"column":null}}},"fnMap":{"0":{"name":"(anonymous_1)","decl":{"start":{"line":87,"column":0},"end":{"line":87,"column":null}},"loc":{"start":{"line":87,"column":0},"end":{"line":129,"column":null}}},"1":{"name":"(anonymous_2)","decl":{"start":{"line":107,"column":0},"end":{"line":107,"column":null}},"loc":{"start":{"line":107,"column":0},"end":{"line":127,"column":null}}},"2":{"name":"(anonymous_3)","decl":{"start":{"line":108,"column":0},"end":{"line":108,"column":null}},"loc":{"start":{"line":108,"column":0},"end":{"line":126,"column":null}}}},"branchMap":{"0":{"loc":{"start":{"line":109,"column":0},"end":{"line":111,"column":null}},"type":"if","locations":[{"start":{"line":109,"column":0},"end":{"line":111,"column":null}},{"start":{"line":109,"column":0},"end":{"line":111,"column":null}}]}},"s":{"0":1,"1":1,"2":1,"3":1,"4":1,"5":1,"6":1,"7":1,"8":1,"9":1,"10":3,"11":3,"12":3,"13":3,"14":3,"15":3,"16":3,"17":1,"18":2,"19":2,"20":1},"f":{"0":3,"1":3,"2":3},"b":{"0":[1,2]}}
,"C:\\Users\\Filip\\projects\\kosztorysy\\src\\views\\Login.vue": {"path":"C:\\Users\\Filip\\projects\\kosztorysy\\src\\views\\Login.vue","statementMap":{"0":{"start":{"line":41,"column":0},"end":{"line":41,"column":null}},"1":{"start":{"line":42,"column":0},"end":{"line":42,"column":null}},"2":{"start":{"line":44,"column":0},"end":{"line":44,"column":null}},"3":{"start":{"line":45,"column":0},"end":{"line":45,"column":null}},"4":{"start":{"line":47,"column":0},"end":{"line":47,"column":null}},"5":{"start":{"line":57,"column":0},"end":{"line":57,"column":null}},"6":{"start":{"line":71,"column":0},"end":{"line":76,"column":null}},"7":{"start":{"line":72,"column":0},"end":{"line":72,"column":null}},"8":{"start":{"line":74,"column":0},"end":{"line":74,"column":null}},"9":{"start":{"line":75,"column":0},"end":{"line":75,"column":null}},"10":{"start":{"line":79,"column":0},"end":{"line":84,"column":null}},"11":{"start":{"line":80,"column":0},"end":{"line":80,"column":null}},"12":{"start":{"line":82,"column":0},"end":{"line":82,"column":null}},"13":{"start":{"line":83,"column":0},"end":{"line":83,"column":null}},"14":{"start":{"line":87,"column":0},"end":{"line":87,"column":null}},"15":{"start":{"line":88,"column":0},"end":{"line":88,"column":null}},"16":{"start":{"line":91,"column":0},"end":{"line":91,"column":null}},"17":{"start":{"line":92,"column":0},"end":{"line":92,"column":null}},"18":{"start":{"line":95,"column":0},"end":{"line":95,"column":null}},"19":{"start":{"line":96,"column":0},"end":{"line":109,"column":null}},"20":{"start":{"line":97,"column":0},"end":{"line":99,"column":null}},"21":{"start":{"line":98,"column":0},"end":{"line":98,"column":null}},"22":{"start":{"line":100,"column":0},"end":{"line":100,"column":null}},"23":{"start":{"line":101,"column":0},"end":{"line":105,"column":null}},"24":{"start":{"line":102,"column":0},"end":{"line":102,"column":null}},"25":{"start":{"line":103,"column":0},"end":{"line":103,"column":null}},"26":{"start":{"line":104,"column":0},"end":{"line":104,"column":null}},"27":{"start":{"line":106,"column":0},"end":{"line":108,"column":null}},"28":{"start":{"line":107,"column":0},"end":{"line":107,"column":null}}},"fnMap":{"0":{"name":"(anonymous_1)","decl":{"start":{"line":56,"column":0},"end":{"line":56,"column":null}},"loc":{"start":{"line":56,"column":0},"end":{"line":68,"column":null}}},"1":{"name":"(anonymous_2)","decl":{"start":{"line":70,"column":0},"end":{"line":70,"column":null}},"loc":{"start":{"line":70,"column":0},"end":{"line":77,"column":null}}},"2":{"name":"(anonymous_3)","decl":{"start":{"line":78,"column":0},"end":{"line":78,"column":null}},"loc":{"start":{"line":78,"column":0},"end":{"line":85,"column":null}}},"3":{"name":"(anonymous_4)","decl":{"start":{"line":86,"column":0},"end":{"line":86,"column":null}},"loc":{"start":{"line":86,"column":0},"end":{"line":89,"column":null}}},"4":{"name":"(anonymous_5)","decl":{"start":{"line":90,"column":0},"end":{"line":90,"column":null}},"loc":{"start":{"line":90,"column":0},"end":{"line":93,"column":null}}},"5":{"name":"(anonymous_6)","decl":{"start":{"line":94,"column":0},"end":{"line":94,"column":null}},"loc":{"start":{"line":94,"column":0},"end":{"line":110,"column":null}}},"6":{"name":"(anonymous_7)","decl":{"start":{"line":96,"column":0},"end":{"line":96,"column":null}},"loc":{"start":{"line":96,"column":0},"end":{"line":109,"column":null}}}},"branchMap":{"0":{"loc":{"start":{"line":71,"column":0},"end":{"line":76,"column":null}},"type":"if","locations":[{"start":{"line":71,"column":0},"end":{"line":76,"column":null}},{"start":{"line":71,"column":0},"end":{"line":76,"column":null}}]},"1":{"loc":{"start":{"line":79,"column":0},"end":{"line":84,"column":null}},"type":"if","locations":[{"start":{"line":79,"column":0},"end":{"line":84,"column":null}},{"start":{"line":79,"column":0},"end":{"line":84,"column":null}}]},"2":{"loc":{"start":{"line":97,"column":0},"end":{"line":99,"column":null}},"type":"if","locations":[{"start":{"line":97,"column":0},"end":{"line":99,"column":null}},{"start":{"line":97,"column":0},"end":{"line":99,"column":null}}]},"3":{"loc":{"start":{"line":101,"column":0},"end":{"line":105,"column":null}},"type":"if","locations":[{"start":{"line":101,"column":0},"end":{"line":105,"column":null}},{"start":{"line":101,"column":0},"end":{"line":105,"column":null}}]},"4":{"loc":{"start":{"line":106,"column":0},"end":{"line":108,"column":null}},"type":"if","locations":[{"start":{"line":106,"column":0},"end":{"line":108,"column":null}},{"start":{"line":106,"column":0},"end":{"line":108,"column":null}}]}},"s":{"0":1,"1":1,"2":1,"3":1,"4":1,"5":10,"6":2,"7":1,"8":1,"9":1,"10":2,"11":1,"12":1,"13":1,"14":1,"15":1,"16":1,"17":1,"18":7,"19":7,"20":7,"21":1,"22":6,"23":6,"24":2,"25":2,"26":2,"27":6,"28":4},"f":{"0":10,"1":2,"2":2,"3":1,"4":1,"5":7,"6":7},"b":{"0":[1,1],"1":[1,1],"2":[1,6],"3":[2,4],"4":[4,2]}}
,"C:\\Users\\Filip\\projects\\kosztorysy\\src\\views\\Register.vue": {"path":"C:\\Users\\Filip\\projects\\kosztorysy\\src\\views\\Register.vue","statementMap":{"0":{"start":{"line":54,"column":0},"end":{"line":54,"column":null}},"1":{"start":{"line":55,"column":0},"end":{"line":55,"column":null}},"2":{"start":{"line":56,"column":0},"end":{"line":56,"column":null}},"3":{"start":{"line":58,"column":0},"end":{"line":58,"column":null}},"4":{"start":{"line":59,"column":0},"end":{"line":59,"column":null}},"5":{"start":{"line":60,"column":0},"end":{"line":60,"column":null}},"6":{"start":{"line":62,"column":0},"end":{"line":62,"column":null}},"7":{"start":{"line":63,"column":0},"end":{"line":63,"column":null}},"8":{"start":{"line":64,"column":0},"end":{"line":64,"column":null}},"9":{"start":{"line":65,"column":0},"end":{"line":65,"column":null}},"10":{"start":{"line":76,"column":0},"end":{"line":76,"column":null}},"11":{"start":{"line":77,"column":0},"end":{"line":77,"column":null}},"12":{"start":{"line":78,"column":0},"end":{"line":78,"column":null}},"13":{"start":{"line":79,"column":0},"end":{"line":79,"column":null}},"14":{"start":{"line":80,"column":0},"end":{"line":80,"column":null}},"15":{"start":{"line":81,"column":0},"end":{"line":81,"column":null}},"16":{"start":{"line":82,"column":0},"end":{"line":82,"column":null}},"17":{"start":{"line":83,"column":0},"end":{"line":83,"column":null}},"18":{"start":{"line":89,"column":0},"end":{"line":93,"column":null}},"19":{"start":{"line":90,"column":0},"end":{"line":90,"column":null}},"20":{"start":{"line":92,"column":0},"end":{"line":92,"column":null}},"21":{"start":{"line":97,"column":0},"end":{"line":108,"column":null}},"22":{"start":{"line":98,"column":0},"end":{"line":100,"column":null}},"23":{"start":{"line":99,"column":0},"end":{"line":99,"column":null}},"24":{"start":{"line":101,"column":0},"end":{"line":101,"column":null}},"25":{"start":{"line":107,"column":0},"end":{"line":107,"column":null}},"26":{"start":{"line":76,"column":0},"end":{"line":67,"column":null}}},"fnMap":{"0":{"name":"(anonymous_1)","decl":{"start":{"line":76,"column":0},"end":{"line":76,"column":null}},"loc":{"start":{"line":76,"column":0},"end":{"line":111,"column":null}}},"1":{"name":"(anonymous_2)","decl":{"start":{"line":88,"column":0},"end":{"line":88,"column":null}},"loc":{"start":{"line":88,"column":0},"end":{"line":94,"column":null}}},"2":{"name":"(anonymous_3)","decl":{"start":{"line":96,"column":0},"end":{"line":96,"column":null}},"loc":{"start":{"line":96,"column":0},"end":{"line":109,"column":null}}},"3":{"name":"(anonymous_4)","decl":{"start":{"line":97,"column":0},"end":{"line":97,"column":null}},"loc":{"start":{"line":97,"column":0},"end":{"line":108,"column":null}}}},"branchMap":{"0":{"loc":{"start":{"line":89,"column":0},"end":{"line":93,"column":null}},"type":"if","locations":[{"start":{"line":89,"column":0},"end":{"line":93,"column":null}},{"start":{"line":89,"column":0},"end":{"line":93,"column":null}}]},"1":{"loc":{"start":{"line":98,"column":0},"end":{"line":100,"column":null}},"type":"if","locations":[{"start":{"line":98,"column":0},"end":{"line":100,"column":null}},{"start":{"line":98,"column":0},"end":{"line":100,"column":null}}]}},"s":{"0":1,"1":1,"2":1,"3":1,"4":1,"5":1,"6":1,"7":1,"8":1,"9":1,"10":1,"11":6,"12":6,"13":6,"14":6,"15":6,"16":6,"17":6,"18":11,"19":4,"20":7,"21":3,"22":3,"23":1,"24":2,"25":2,"26":1},"f":{"0":6,"1":11,"2":3,"3":3},"b":{"0":[4,7],"1":[1,2]}}
,"C:\\Users\\Filip\\projects\\kosztorysy\\src\\views\\Room-Details.vue": {"path":"C:\\Users\\Filip\\projects\\kosztorysy\\src\\views\\Room-Details.vue","statementMap":{"0":{"start":{"line":125,"column":0},"end":{"line":125,"column":null}},"1":{"start":{"line":126,"column":0},"end":{"line":126,"column":null}},"2":{"start":{"line":127,"column":0},"end":{"line":127,"column":null}},"3":{"start":{"line":129,"column":0},"end":{"line":129,"column":null}},"4":{"start":{"line":130,"column":0},"end":{"line":130,"column":null}},"5":{"start":{"line":132,"column":0},"end":{"line":132,"column":null}},"6":{"start":{"line":143,"column":0},"end":{"line":143,"column":null}},"7":{"start":{"line":154,"column":0},"end":{"line":154,"column":null}},"8":{"start":{"line":155,"column":0},"end":{"line":163,"column":null}},"9":{"start":{"line":155,"column":0},"end":{"line":155,"column":null}},"10":{"start":{"line":156,"column":0},"end":{"line":156,"column":null}},"11":{"start":{"line":162,"column":0},"end":{"line":162,"column":null}},"12":{"start":{"line":166,"column":0},"end":{"line":181,"column":null}},"13":{"start":{"line":167,"column":0},"end":{"line":169,"column":null}},"14":{"start":{"line":168,"column":0},"end":{"line":168,"column":null}},"15":{"start":{"line":170,"column":0},"end":{"line":174,"column":null}},"16":{"start":{"line":170,"column":0},"end":{"line":170,"column":null}},"17":{"start":{"line":171,"column":0},"end":{"line":173,"column":null}},"18":{"start":{"line":172,"column":0},"end":{"line":172,"column":null}},"19":{"start":{"line":175,"column":0},"end":{"line":175,"column":null}},"20":{"start":{"line":180,"column":0},"end":{"line":180,"column":null}}},"fnMap":{"0":{"name":"(anonymous_1)","decl":{"start":{"line":142,"column":0},"end":{"line":142,"column":null}},"loc":{"start":{"line":142,"column":0},"end":{"line":151,"column":null}}},"1":{"name":"(anonymous_2)","decl":{"start":{"line":153,"column":0},"end":{"line":153,"column":null}},"loc":{"start":{"line":153,"column":0},"end":{"line":164,"column":null}}},"2":{"name":"(anonymous_3)","decl":{"start":{"line":165,"column":0},"end":{"line":165,"column":null}},"loc":{"start":{"line":165,"column":0},"end":{"line":182,"column":null}}},"3":{"name":"(anonymous_4)","decl":{"start":{"line":166,"column":0},"end":{"line":166,"column":null}},"loc":{"start":{"line":166,"column":0},"end":{"line":181,"column":null}}}},"branchMap":{"0":{"loc":{"start":{"line":167,"column":0},"end":{"line":169,"column":null}},"type":"if","locations":[{"start":{"line":167,"column":0},"end":{"line":169,"column":null}},{"start":{"line":167,"column":0},"end":{"line":169,"column":null}}]},"1":{"loc":{"start":{"line":171,"column":0},"end":{"line":173,"column":null}},"type":"if","locations":[{"start":{"line":171,"column":0},"end":{"line":173,"column":null}},{"start":{"line":171,"column":0},"end":{"line":173,"column":null}}]}},"s":{"0":1,"1":1,"2":1,"3":1,"4":1,"5":1,"6":4,"7":1,"8":1,"9":1,"10":2,"11":2,"12":3,"13":3,"14":1,"15":2,"16":2,"17":4,"18":2,"19":2,"20":2},"f":{"0":4,"1":1,"2":3,"3":3},"b":{"0":[1,2],"1":[2,2]}}
}
