TN:
SF:C:\Users\Filip\projects\kosztorysy\src\components\Header.vue
FN:52,(anonymous_1)
FN:59,(anonymous_2)
FN:66,(anonymous_3)
FNF:3
FNH:3
FNDA:3,(anonymous_1)
FNDA:2,(anonymous_2)
FNDA:1,(anonymous_3)
DA:45,6
DA:53,3
DA:60,2
DA:61,1
DA:63,1
DA:67,1
LF:6
LH:6
BRDA:60,0,0,1
BRDA:60,0,1,1
BRF:2
BRH:2
end_of_record
TN:
SF:C:\Users\Filip\projects\kosztorysy\src\components\WallDetails.vue
FN:41,(anonymous_1)
FN:52,(anonymous_2)
FN:68,(anonymous_3)
FN:71,(anonymous_4)
FN:74,(anonymous_5)
FNF:5
FNH:5
FNDA:9,(anonymous_1)
FNDA:8,(anonymous_2)
FNDA:1,(anonymous_3)
FNDA:1,(anonymous_4)
FNDA:1,(anonymous_5)
DA:42,9
DA:53,8
DA:54,8
DA:55,32
DA:57,8
DA:58,8
DA:59,8
DA:60,8
DA:61,2
DA:63,6
DA:65,8
DA:66,8
DA:69,1
DA:72,1
DA:75,1
LF:15
LH:15
BRDA:60,0,0,2
BRDA:60,0,1,6
BRF:2
BRH:2
end_of_record
TN:
SF:C:\Users\Filip\projects\kosztorysy\src\store\index.ts
FN:67,(anonymous_0)
FN:74,(anonymous_1)
FN:78,(anonymous_2)
FN:82,(anonymous_3)
FN:85,(anonymous_4)
FN:88,(anonymous_5)
FN:93,(anonymous_6)
FN:103,(anonymous_7)
FN:104,(anonymous_8)
FNF:9
FNH:9
FNDA:5,(anonymous_0)
FNDA:3,(anonymous_1)
FNDA:2,(anonymous_2)
FNDA:5,(anonymous_3)
FNDA:1,(anonymous_4)
FNDA:1,(anonymous_5)
FNDA:2,(anonymous_6)
FNDA:1,(anonymous_7)
FNDA:3,(anonymous_8)
DA:1,1
DA:2,1
DA:3,1
DA:4,1
DA:7,1
DA:11,1
DA:56,1
DA:68,5
DA:69,5
DA:70,4
DA:72,5
DA:75,3
DA:76,3
DA:79,2
DA:80,2
DA:83,5
DA:86,1
DA:89,1
DA:94,2
DA:95,2
DA:96,1
DA:99,1
DA:104,3
LF:23
LH:23
BRDA:69,0,0,4
BRDA:69,0,1,1
BRDA:95,1,0,1
BRDA:95,1,1,1
BRDA:95,2,0,2
BRDA:95,2,1,2
BRF:6
BRH:6
end_of_record
TN:
SF:C:\Users\Filip\projects\kosztorysy\src\views\Create-Estimate.vue
FN:87,(anonymous_1)
FN:107,(anonymous_2)
FN:108,(anonymous_3)
FNF:3
FNH:3
FNDA:3,(anonymous_1)
FNDA:3,(anonymous_2)
FNDA:3,(anonymous_3)
DA:60,1
DA:61,1
DA:62,1
DA:63,1
DA:65,1
DA:66,1
DA:68,1
DA:69,1
DA:70,1
DA:87,1
DA:88,3
DA:89,3
DA:90,3
DA:91,3
DA:95,3
DA:108,3
DA:109,3
DA:110,1
DA:112,2
DA:125,2
LF:20
LH:20
BRDA:109,0,0,1
BRDA:109,0,1,2
BRF:2
BRH:2
end_of_record
TN:
SF:C:\Users\Filip\projects\kosztorysy\src\views\Login.vue
FN:56,(anonymous_1)
FN:70,(anonymous_2)
FN:78,(anonymous_3)
FN:86,(anonymous_4)
FN:90,(anonymous_5)
FN:94,(anonymous_6)
FN:96,(anonymous_7)
FNF:7
FNH:7
FNDA:10,(anonymous_1)
FNDA:2,(anonymous_2)
FNDA:2,(anonymous_3)
FNDA:1,(anonymous_4)
FNDA:1,(anonymous_5)
FNDA:7,(anonymous_6)
FNDA:7,(anonymous_7)
DA:41,1
DA:42,1
DA:44,1
DA:45,1
DA:47,1
DA:57,10
DA:71,2
DA:72,1
DA:74,1
DA:75,1
DA:79,2
DA:80,1
DA:82,1
DA:83,1
DA:87,1
DA:88,1
DA:91,1
DA:92,1
DA:95,7
DA:96,7
DA:97,7
DA:98,1
DA:100,6
DA:101,6
DA:102,2
DA:103,2
DA:104,2
DA:106,6
DA:107,4
LF:29
LH:29
BRDA:71,0,0,1
BRDA:71,0,1,1
BRDA:79,1,0,1
BRDA:79,1,1,1
BRDA:97,2,0,1
BRDA:97,2,1,6
BRDA:101,3,0,2
BRDA:101,3,1,4
BRDA:106,4,0,4
BRDA:106,4,1,2
BRF:10
BRH:10
end_of_record
TN:
SF:C:\Users\Filip\projects\kosztorysy\src\views\Register.vue
FN:76,(anonymous_1)
FN:88,(anonymous_2)
FN:96,(anonymous_3)
FN:97,(anonymous_4)
FNF:4
FNH:4
FNDA:6,(anonymous_1)
FNDA:11,(anonymous_2)
FNDA:3,(anonymous_3)
FNDA:3,(anonymous_4)
DA:54,1
DA:55,1
DA:56,1
DA:58,1
DA:59,1
DA:60,1
DA:62,1
DA:63,1
DA:64,1
DA:65,1
DA:76,1
DA:77,6
DA:78,6
DA:79,6
DA:80,6
DA:81,6
DA:82,6
DA:83,6
DA:89,11
DA:90,4
DA:92,7
DA:97,3
DA:98,3
DA:99,1
DA:101,2
DA:107,2
LF:26
LH:26
BRDA:89,0,0,4
BRDA:89,0,1,7
BRDA:98,1,0,1
BRDA:98,1,1,2
BRF:4
BRH:4
end_of_record
TN:
SF:C:\Users\Filip\projects\kosztorysy\src\views\Room-Details.vue
FN:142,(anonymous_1)
FN:153,(anonymous_2)
FN:165,(anonymous_3)
FN:166,(anonymous_4)
FNF:4
FNH:4
FNDA:4,(anonymous_1)
FNDA:1,(anonymous_2)
FNDA:3,(anonymous_3)
FNDA:3,(anonymous_4)
DA:125,1
DA:126,1
DA:127,1
DA:129,1
DA:130,1
DA:132,1
DA:143,4
DA:154,1
DA:155,1
DA:156,2
DA:162,2
DA:166,3
DA:167,3
DA:168,1
DA:170,2
DA:171,4
DA:172,2
DA:175,2
DA:180,2
LF:19
LH:19
BRDA:167,0,0,1
BRDA:167,0,1,2
BRDA:171,1,0,2
BRDA:171,1,1,2
BRF:4
BRH:4
end_of_record
